2025-07-21 15:50:13.199 +03:00 [ERR] ExecuteAsync
Telegram Bot API error 409: Conflict: terminated by other getUpdates request; make sure that only one bot instance is running
   at Telegram.Bot.TelegramBotClient.SendRequest[TResponse](IRequest`1 request, CancellationToken cancellationToken)
   at Telegram.Bot.TelegramBotClientExtensions.GetUpdates(ITelegramBotClient botClient, Nullable`1 offset, Nullable`1 limit, Nullable`1 timeout, IEnumerable`1 allowedUpdates, CancellationToken cancellationToken)
   at ClubDoorman.Services.TelegramBotClientWrapper.GetUpdates(Nullable`1 offset, Nullable`1 limit, Nullable`1 timeout, IEnumerable`1 allowedUpdates, CancellationToken cancellationToken) in /home/kpblc/projects/ClubDoorman/ClubDoorman/Services/TelegramBotClientWrapper.cs:line 251
   at ClubDoorman.Worker.UpdateLoop(Int32 offset, CancellationToken stoppingToken) in /home/kpblc/projects/ClubDoorman/ClubDoorman/Worker.cs:line 176
   at ClubDoorman.Worker.ExecuteAsync(CancellationToken stoppingToken) in /home/kpblc/projects/ClubDoorman/ClubDoorman/Worker.cs:line 162
2025-07-21 16:21:19.405 +03:00 [ERR] Ошибка при обработке обновления "Message"
Telegram Bot API error 400: Bad Request: group chat was upgraded to a supergroup chat
   at Telegram.Bot.TelegramBotClient.SendRequest[TResponse](IRequest`1 request, CancellationToken cancellationToken)
   at Telegram.Bot.TelegramBotClientExtensions.SendMessage(ITelegramBotClient botClient, ChatId chatId, String text, ParseMode parseMode, ReplyParameters replyParameters, ReplyMarkup replyMarkup, LinkPreviewOptions linkPreviewOptions, Nullable`1 messageThreadId, IEnumerable`1 entities, Boolean disableNotification, Boolean protectContent, String messageEffectId, String businessConnectionId, Boolean allowPaidBroadcast, CancellationToken cancellationToken)
   at ClubDoorman.Services.TelegramBotClientWrapper.SendMessage(ChatId chatId, String text, Nullable`1 parseMode, ReplyParameters replyParameters, ReplyMarkup replyMarkup, CancellationToken cancellationToken) in /home/kpblc/projects/ClubDoorman/ClubDoorman/Services/TelegramBotClientWrapper.cs:line 123
   at ClubDoorman.Handlers.MessageHandler.DontDeleteButReportMessage(Message message, User user, CancellationToken cancellationToken) in /home/kpblc/projects/ClubDoorman/ClubDoorman/Handlers/MessageHandler.cs:line 864
   at ClubDoorman.Handlers.MessageHandler.HandleUserMessageAsync(Message message, CancellationToken cancellationToken) in /home/kpblc/projects/ClubDoorman/ClubDoorman/Handlers/MessageHandler.cs:line 555
   at ClubDoorman.Handlers.MessageHandler.HandleAsync(Update update, CancellationToken cancellationToken) in /home/kpblc/projects/ClubDoorman/ClubDoorman/Handlers/MessageHandler.cs:line 169
   at ClubDoorman.Services.UpdateDispatcher.DispatchAsync(Update update, CancellationToken cancellationToken) in /home/kpblc/projects/ClubDoorman/ClubDoorman/Services/UpdateDispatcher.cs:line 49
   at ClubDoorman.Worker.UpdateLoop(Int32 offset, CancellationToken stoppingToken) in /home/kpblc/projects/ClubDoorman/ClubDoorman/Worker.cs:line 198
2025-07-21 16:22:40.180 +03:00 [ERR] Ошибка при отправке AI уведомления в админ-чат
Telegram Bot API error 400: Bad Request: group chat was upgraded to a supergroup chat
   at Telegram.Bot.TelegramBotClient.SendRequest[TResponse](IRequest`1 request, CancellationToken cancellationToken)
   at Telegram.Bot.TelegramBotClientExtensions.SendMessage(ITelegramBotClient botClient, ChatId chatId, String text, ParseMode parseMode, ReplyParameters replyParameters, ReplyMarkup replyMarkup, LinkPreviewOptions linkPreviewOptions, Nullable`1 messageThreadId, IEnumerable`1 entities, Boolean disableNotification, Boolean protectContent, String messageEffectId, String businessConnectionId, Boolean allowPaidBroadcast, CancellationToken cancellationToken)
   at ClubDoorman.Services.TelegramBotClientWrapper.SendMessage(ChatId chatId, String text, Nullable`1 parseMode, ReplyParameters replyParameters, ReplyMarkup replyMarkup, CancellationToken cancellationToken) in /home/kpblc/projects/ClubDoorman/ClubDoorman/Services/TelegramBotClientWrapper.cs:line 123
   at ClubDoorman.Handlers.MessageHandler.SendAiProfileAlert(Message message, User user, Chat chat, SpamProbability spamInfo, Byte[] photoBytes, String nameBio, CancellationToken cancellationToken) in /home/kpblc/projects/ClubDoorman/ClubDoorman/Handlers/MessageHandler.cs:line 1144
2025-07-21 16:39:47.223 +03:00 [ERR] ExecuteAsync
Telegram Bot API error 409: Conflict: terminated by other getUpdates request; make sure that only one bot instance is running
   at Telegram.Bot.TelegramBotClient.SendRequest[TResponse](IRequest`1 request, CancellationToken cancellationToken)
   at Telegram.Bot.TelegramBotClientExtensions.GetUpdates(ITelegramBotClient botClient, Nullable`1 offset, Nullable`1 limit, Nullable`1 timeout, IEnumerable`1 allowedUpdates, CancellationToken cancellationToken)
   at ClubDoorman.Services.TelegramBotClientWrapper.GetUpdates(Nullable`1 offset, Nullable`1 limit, Nullable`1 timeout, IEnumerable`1 allowedUpdates, CancellationToken cancellationToken) in /home/kpblc/projects/ClubDoorman/ClubDoorman/Services/TelegramBotClientWrapper.cs:line 251
   at ClubDoorman.Worker.UpdateLoop(Int32 offset, CancellationToken stoppingToken) in /home/kpblc/projects/ClubDoorman/ClubDoorman/Worker.cs:line 176
   at ClubDoorman.Worker.ExecuteAsync(CancellationToken stoppingToken) in /home/kpblc/projects/ClubDoorman/ClubDoorman/Worker.cs:line 162
2025-07-21 16:43:56.153 +03:00 [ERR] BackgroundService failed
Telegram.Bot.Exceptions.RequestException: Exception during making request
 ---> System.Net.Http.HttpRequestException: The SSL connection could not be established, see inner exception.
 ---> System.IO.IOException: Received an unexpected EOF or 0 bytes from the transport stream.
   at System.Net.Security.SslStream.ReceiveHandshakeFrameAsync[TIOAdapter](CancellationToken cancellationToken)
   at System.Net.Security.SslStream.ForceAuthenticationAsync[TIOAdapter](Boolean receiveFirst, Byte[] reAuthenticationData, CancellationToken cancellationToken)
   at System.Net.Http.ConnectHelper.EstablishSslConnectionAsync(SslClientAuthenticationOptions sslOptions, HttpRequestMessage request, Boolean async, Stream stream, CancellationToken cancellationToken)
   --- End of inner exception stack trace ---
   at System.Net.Http.ConnectHelper.EstablishSslConnectionAsync(SslClientAuthenticationOptions sslOptions, HttpRequestMessage request, Boolean async, Stream stream, CancellationToken cancellationToken)
   at System.Net.Http.HttpConnectionPool.ConnectAsync(HttpRequestMessage request, Boolean async, CancellationToken cancellationToken)
   at System.Net.Http.HttpConnectionPool.CreateHttp11ConnectionAsync(HttpRequestMessage request, Boolean async, CancellationToken cancellationToken)
   at System.Net.Http.HttpConnectionPool.InjectNewHttp11ConnectionAsync(QueueItem queueItem)
   at System.Threading.Tasks.TaskCompletionSourceWithCancellation`1.WaitWithCancellationAsync(CancellationToken cancellationToken)
   at System.Net.Http.HttpConnectionPool.SendWithVersionDetectionAndRetryAsync(HttpRequestMessage request, Boolean async, Boolean doRequestAuth, CancellationToken cancellationToken)
   at System.Net.Http.RedirectHandler.SendAsync(HttpRequestMessage request, Boolean async, CancellationToken cancellationToken)
   at System.Net.Http.HttpClient.<SendAsync>g__Core|83_0(HttpRequestMessage request, HttpCompletionOption completionOption, CancellationTokenSource cts, Boolean disposeCts, CancellationTokenSource pendingRequestsCts, CancellationToken originalCancellationToken)
   at Telegram.Bot.TelegramBotClient.SendRequest[TResponse](IRequest`1 request, CancellationToken cancellationToken)
   --- End of inner exception stack trace ---
   at Telegram.Bot.TelegramBotClient.SendRequest[TResponse](IRequest`1 request, CancellationToken cancellationToken)
   at Telegram.Bot.TelegramBotClientExtensions.GetMe(ITelegramBotClient botClient, CancellationToken cancellationToken)
   at ClubDoorman.Services.TelegramBotClientWrapper.GetMe(CancellationToken cancellationToken) in /home/kpblc/projects/ClubDoorman/ClubDoorman/Services/TelegramBotClientWrapper.cs:line 96
   at ClubDoorman.Worker.ExecuteAsync(CancellationToken stoppingToken) in /home/kpblc/projects/ClubDoorman/ClubDoorman/Worker.cs:line 146
   at Microsoft.Extensions.Hosting.Internal.Host.TryExecuteBackgroundServiceAsync(BackgroundService backgroundService)
2025-07-21 16:43:56.153 +03:00 [FTL] The HostOptions.BackgroundServiceExceptionBehavior is configured to StopHost. A BackgroundService has thrown an unhandled exception, and the IHost instance is stopping. To avoid this behavior, configure this to Ignore; however the BackgroundService will not be restarted.
Telegram.Bot.Exceptions.RequestException: Exception during making request
 ---> System.Net.Http.HttpRequestException: The SSL connection could not be established, see inner exception.
 ---> System.IO.IOException: Received an unexpected EOF or 0 bytes from the transport stream.
   at System.Net.Security.SslStream.ReceiveHandshakeFrameAsync[TIOAdapter](CancellationToken cancellationToken)
   at System.Net.Security.SslStream.ForceAuthenticationAsync[TIOAdapter](Boolean receiveFirst, Byte[] reAuthenticationData, CancellationToken cancellationToken)
   at System.Net.Http.ConnectHelper.EstablishSslConnectionAsync(SslClientAuthenticationOptions sslOptions, HttpRequestMessage request, Boolean async, Stream stream, CancellationToken cancellationToken)
   --- End of inner exception stack trace ---
   at System.Net.Http.ConnectHelper.EstablishSslConnectionAsync(SslClientAuthenticationOptions sslOptions, HttpRequestMessage request, Boolean async, Stream stream, CancellationToken cancellationToken)
   at System.Net.Http.HttpConnectionPool.ConnectAsync(HttpRequestMessage request, Boolean async, CancellationToken cancellationToken)
   at System.Net.Http.HttpConnectionPool.CreateHttp11ConnectionAsync(HttpRequestMessage request, Boolean async, CancellationToken cancellationToken)
   at System.Net.Http.HttpConnectionPool.InjectNewHttp11ConnectionAsync(QueueItem queueItem)
   at System.Threading.Tasks.TaskCompletionSourceWithCancellation`1.WaitWithCancellationAsync(CancellationToken cancellationToken)
   at System.Net.Http.HttpConnectionPool.SendWithVersionDetectionAndRetryAsync(HttpRequestMessage request, Boolean async, Boolean doRequestAuth, CancellationToken cancellationToken)
   at System.Net.Http.RedirectHandler.SendAsync(HttpRequestMessage request, Boolean async, CancellationToken cancellationToken)
   at System.Net.Http.HttpClient.<SendAsync>g__Core|83_0(HttpRequestMessage request, HttpCompletionOption completionOption, CancellationTokenSource cts, Boolean disposeCts, CancellationTokenSource pendingRequestsCts, CancellationToken originalCancellationToken)
   at Telegram.Bot.TelegramBotClient.SendRequest[TResponse](IRequest`1 request, CancellationToken cancellationToken)
   --- End of inner exception stack trace ---
   at Telegram.Bot.TelegramBotClient.SendRequest[TResponse](IRequest`1 request, CancellationToken cancellationToken)
   at Telegram.Bot.TelegramBotClientExtensions.GetMe(ITelegramBotClient botClient, CancellationToken cancellationToken)
   at ClubDoorman.Services.TelegramBotClientWrapper.GetMe(CancellationToken cancellationToken) in /home/kpblc/projects/ClubDoorman/ClubDoorman/Services/TelegramBotClientWrapper.cs:line 96
   at ClubDoorman.Worker.ExecuteAsync(CancellationToken stoppingToken) in /home/kpblc/projects/ClubDoorman/ClubDoorman/Worker.cs:line 146
   at Microsoft.Extensions.Hosting.Internal.Host.TryExecuteBackgroundServiceAsync(BackgroundService backgroundService)
2025-07-21 17:24:06.129 +03:00 [ERR] Ошибка при отправке AI уведомления в админ-чат
Telegram Bot API error 400: Bad Request: chat not found
   at Telegram.Bot.TelegramBotClient.SendRequest[TResponse](IRequest`1 request, CancellationToken cancellationToken)
   at Telegram.Bot.TelegramBotClientExtensions.SendMessage(ITelegramBotClient botClient, ChatId chatId, String text, ParseMode parseMode, ReplyParameters replyParameters, ReplyMarkup replyMarkup, LinkPreviewOptions linkPreviewOptions, Nullable`1 messageThreadId, IEnumerable`1 entities, Boolean disableNotification, Boolean protectContent, String messageEffectId, String businessConnectionId, Boolean allowPaidBroadcast, CancellationToken cancellationToken)
   at ClubDoorman.Services.TelegramBotClientWrapper.SendMessage(ChatId chatId, String text, Nullable`1 parseMode, ReplyParameters replyParameters, ReplyMarkup replyMarkup, CancellationToken cancellationToken) in /home/kpblc/projects/ClubDoorman/ClubDoorman/Services/TelegramBotClientWrapper.cs:line 123
   at ClubDoorman.Handlers.MessageHandler.SendAiProfileAlert(Message message, User user, Chat chat, SpamProbability spamInfo, Byte[] photoBytes, String nameBio, CancellationToken cancellationToken) in /home/kpblc/projects/ClubDoorman/ClubDoorman/Handlers/MessageHandler.cs:line 1144
2025-07-21 19:01:33.071 +03:00 [ERR] BackgroundService failed
Telegram.Bot.Exceptions.RequestException: Exception during making request
 ---> System.Net.Http.HttpRequestException: The SSL connection could not be established, see inner exception.
 ---> System.IO.IOException: Received an unexpected EOF or 0 bytes from the transport stream.
   at System.Net.Security.SslStream.ReceiveHandshakeFrameAsync[TIOAdapter](CancellationToken cancellationToken)
   at System.Net.Security.SslStream.ForceAuthenticationAsync[TIOAdapter](Boolean receiveFirst, Byte[] reAuthenticationData, CancellationToken cancellationToken)
   at System.Net.Http.ConnectHelper.EstablishSslConnectionAsync(SslClientAuthenticationOptions sslOptions, HttpRequestMessage request, Boolean async, Stream stream, CancellationToken cancellationToken)
   --- End of inner exception stack trace ---
   at System.Net.Http.ConnectHelper.EstablishSslConnectionAsync(SslClientAuthenticationOptions sslOptions, HttpRequestMessage request, Boolean async, Stream stream, CancellationToken cancellationToken)
   at System.Net.Http.HttpConnectionPool.ConnectAsync(HttpRequestMessage request, Boolean async, CancellationToken cancellationToken)
   at System.Net.Http.HttpConnectionPool.CreateHttp11ConnectionAsync(HttpRequestMessage request, Boolean async, CancellationToken cancellationToken)
   at System.Net.Http.HttpConnectionPool.InjectNewHttp11ConnectionAsync(QueueItem queueItem)
   at System.Threading.Tasks.TaskCompletionSourceWithCancellation`1.WaitWithCancellationAsync(CancellationToken cancellationToken)
   at System.Net.Http.HttpConnectionPool.SendWithVersionDetectionAndRetryAsync(HttpRequestMessage request, Boolean async, Boolean doRequestAuth, CancellationToken cancellationToken)
   at System.Net.Http.RedirectHandler.SendAsync(HttpRequestMessage request, Boolean async, CancellationToken cancellationToken)
   at System.Net.Http.HttpClient.<SendAsync>g__Core|83_0(HttpRequestMessage request, HttpCompletionOption completionOption, CancellationTokenSource cts, Boolean disposeCts, CancellationTokenSource pendingRequestsCts, CancellationToken originalCancellationToken)
   at Telegram.Bot.TelegramBotClient.SendRequest[TResponse](IRequest`1 request, CancellationToken cancellationToken)
   --- End of inner exception stack trace ---
   at Telegram.Bot.TelegramBotClient.SendRequest[TResponse](IRequest`1 request, CancellationToken cancellationToken)
   at Telegram.Bot.TelegramBotClientExtensions.GetMe(ITelegramBotClient botClient, CancellationToken cancellationToken)
   at ClubDoorman.Services.TelegramBotClientWrapper.GetMe(CancellationToken cancellationToken) in /home/kpblc/projects/ClubDoorman/ClubDoorman/Services/TelegramBotClientWrapper.cs:line 96
   at ClubDoorman.Worker.ExecuteAsync(CancellationToken stoppingToken) in /home/kpblc/projects/ClubDoorman/ClubDoorman/Worker.cs:line 146
   at Microsoft.Extensions.Hosting.Internal.Host.TryExecuteBackgroundServiceAsync(BackgroundService backgroundService)
2025-07-21 19:01:33.072 +03:00 [FTL] The HostOptions.BackgroundServiceExceptionBehavior is configured to StopHost. A BackgroundService has thrown an unhandled exception, and the IHost instance is stopping. To avoid this behavior, configure this to Ignore; however the BackgroundService will not be restarted.
Telegram.Bot.Exceptions.RequestException: Exception during making request
 ---> System.Net.Http.HttpRequestException: The SSL connection could not be established, see inner exception.
 ---> System.IO.IOException: Received an unexpected EOF or 0 bytes from the transport stream.
   at System.Net.Security.SslStream.ReceiveHandshakeFrameAsync[TIOAdapter](CancellationToken cancellationToken)
   at System.Net.Security.SslStream.ForceAuthenticationAsync[TIOAdapter](Boolean receiveFirst, Byte[] reAuthenticationData, CancellationToken cancellationToken)
   at System.Net.Http.ConnectHelper.EstablishSslConnectionAsync(SslClientAuthenticationOptions sslOptions, HttpRequestMessage request, Boolean async, Stream stream, CancellationToken cancellationToken)
   --- End of inner exception stack trace ---
   at System.Net.Http.ConnectHelper.EstablishSslConnectionAsync(SslClientAuthenticationOptions sslOptions, HttpRequestMessage request, Boolean async, Stream stream, CancellationToken cancellationToken)
   at System.Net.Http.HttpConnectionPool.ConnectAsync(HttpRequestMessage request, Boolean async, CancellationToken cancellationToken)
   at System.Net.Http.HttpConnectionPool.CreateHttp11ConnectionAsync(HttpRequestMessage request, Boolean async, CancellationToken cancellationToken)
   at System.Net.Http.HttpConnectionPool.InjectNewHttp11ConnectionAsync(QueueItem queueItem)
   at System.Threading.Tasks.TaskCompletionSourceWithCancellation`1.WaitWithCancellationAsync(CancellationToken cancellationToken)
   at System.Net.Http.HttpConnectionPool.SendWithVersionDetectionAndRetryAsync(HttpRequestMessage request, Boolean async, Boolean doRequestAuth, CancellationToken cancellationToken)
   at System.Net.Http.RedirectHandler.SendAsync(HttpRequestMessage request, Boolean async, CancellationToken cancellationToken)
   at System.Net.Http.HttpClient.<SendAsync>g__Core|83_0(HttpRequestMessage request, HttpCompletionOption completionOption, CancellationTokenSource cts, Boolean disposeCts, CancellationTokenSource pendingRequestsCts, CancellationToken originalCancellationToken)
   at Telegram.Bot.TelegramBotClient.SendRequest[TResponse](IRequest`1 request, CancellationToken cancellationToken)
   --- End of inner exception stack trace ---
   at Telegram.Bot.TelegramBotClient.SendRequest[TResponse](IRequest`1 request, CancellationToken cancellationToken)
   at Telegram.Bot.TelegramBotClientExtensions.GetMe(ITelegramBotClient botClient, CancellationToken cancellationToken)
   at ClubDoorman.Services.TelegramBotClientWrapper.GetMe(CancellationToken cancellationToken) in /home/kpblc/projects/ClubDoorman/ClubDoorman/Services/TelegramBotClientWrapper.cs:line 96
   at ClubDoorman.Worker.ExecuteAsync(CancellationToken stoppingToken) in /home/kpblc/projects/ClubDoorman/ClubDoorman/Worker.cs:line 146
   at Microsoft.Extensions.Hosting.Internal.Host.TryExecuteBackgroundServiceAsync(BackgroundService backgroundService)
2025-07-21 20:19:22.760 +03:00 [ERR] Ошибка при пересылке сообщения в админский чат с уведомлением типа "AutoBan"
Telegram Bot API error 400: Bad Request: message to forward not found
   at Telegram.Bot.TelegramBotClient.SendRequest[TResponse](IRequest`1 request, CancellationToken cancellationToken)
   at Telegram.Bot.TelegramBotClientExtensions.ForwardMessage(ITelegramBotClient botClient, ChatId chatId, ChatId fromChatId, Int32 messageId, Nullable`1 messageThreadId, Boolean disableNotification, Boolean protectContent, Nullable`1 videoStartTimestamp, CancellationToken cancellationToken)
   at ClubDoorman.Services.TelegramBotClientWrapper.ForwardMessage(ChatId chatId, ChatId fromChatId, Int32 messageId, CancellationToken cancellationToken) in /home/kpblc/projects/ClubDoorman/ClubDoorman/Services/TelegramBotClientWrapper.cs:line 173
   at ClubDoorman.Services.MessageService.ForwardToAdminWithNotificationAsync(Message originalMessage, AdminNotificationType type, NotificationData data, CancellationToken cancellationToken) in /home/kpblc/projects/ClubDoorman/ClubDoorman/Services/MessageService.cs:line 173
2025-07-21 20:19:22.848 +03:00 [ERR] Ошибка при отправке пользовательского уведомления типа "ModerationWarning" пользователю Михаил
Telegram Bot API error 400: Bad Request: can't parse entities: Character '{' is reserved and must be escaped with the preceding '\'
   at Telegram.Bot.TelegramBotClient.SendRequest[TResponse](IRequest`1 request, CancellationToken cancellationToken)
   at Telegram.Bot.TelegramBotClientExtensions.SendMessage(ITelegramBotClient botClient, ChatId chatId, String text, ParseMode parseMode, ReplyParameters replyParameters, ReplyMarkup replyMarkup, LinkPreviewOptions linkPreviewOptions, Nullable`1 messageThreadId, IEnumerable`1 entities, Boolean disableNotification, Boolean protectContent, String messageEffectId, String businessConnectionId, Boolean allowPaidBroadcast, CancellationToken cancellationToken)
   at ClubDoorman.Services.TelegramBotClientWrapper.SendMessage(ChatId chatId, String text, Nullable`1 parseMode, ReplyParameters replyParameters, ReplyMarkup replyMarkup, CancellationToken cancellationToken) in /home/kpblc/projects/ClubDoorman/ClubDoorman/Services/TelegramBotClientWrapper.cs:line 123
   at ClubDoorman.Services.MessageService.SendUserNotificationWithReplyAsync(User user, Chat chat, UserNotificationType type, Object data, CancellationToken cancellationToken) in /home/kpblc/projects/ClubDoorman/ClubDoorman/Services/MessageService.cs:line 148
   at ClubDoorman.Handlers.MessageHandler.DeleteAndReportMessage(Message message, String reason, CancellationToken cancellationToken) in /home/kpblc/projects/ClubDoorman/ClubDoorman/Handlers/MessageHandler.cs:line 946
2025-07-21 20:24:50.647 +03:00 [ERR] Ошибка при отправке админского уведомления типа "AutoBan"
Telegram Bot API error 400: Bad Request: chat not found
   at Telegram.Bot.TelegramBotClient.SendRequest[TResponse](IRequest`1 request, CancellationToken cancellationToken)
   at Telegram.Bot.TelegramBotClientExtensions.SendMessage(ITelegramBotClient botClient, ChatId chatId, String text, ParseMode parseMode, ReplyParameters replyParameters, ReplyMarkup replyMarkup, LinkPreviewOptions linkPreviewOptions, Nullable`1 messageThreadId, IEnumerable`1 entities, Boolean disableNotification, Boolean protectContent, String messageEffectId, String businessConnectionId, Boolean allowPaidBroadcast, CancellationToken cancellationToken)
   at ClubDoorman.Services.TelegramBotClientWrapper.SendMessage(ChatId chatId, String text, Nullable`1 parseMode, ReplyParameters replyParameters, ReplyMarkup replyMarkup, CancellationToken cancellationToken) in /home/kpblc/projects/ClubDoorman/ClubDoorman/Services/TelegramBotClientWrapper.cs:line 123
   at ClubDoorman.Services.MessageService.SendAdminNotificationAsync(AdminNotificationType type, NotificationData data, CancellationToken cancellationToken) in /home/kpblc/projects/ClubDoorman/ClubDoorman/Services/MessageService.cs:line 45
2025-07-21 20:24:50.831 +03:00 [ERR] Ошибка при отправке пользовательского уведомления типа "ModerationWarning" пользователю Михаил
Telegram Bot API error 400: Bad Request: can't parse entities: Character '{' is reserved and must be escaped with the preceding '\'
   at Telegram.Bot.TelegramBotClient.SendRequest[TResponse](IRequest`1 request, CancellationToken cancellationToken)
   at Telegram.Bot.TelegramBotClientExtensions.SendMessage(ITelegramBotClient botClient, ChatId chatId, String text, ParseMode parseMode, ReplyParameters replyParameters, ReplyMarkup replyMarkup, LinkPreviewOptions linkPreviewOptions, Nullable`1 messageThreadId, IEnumerable`1 entities, Boolean disableNotification, Boolean protectContent, String messageEffectId, String businessConnectionId, Boolean allowPaidBroadcast, CancellationToken cancellationToken)
   at ClubDoorman.Services.TelegramBotClientWrapper.SendMessage(ChatId chatId, String text, Nullable`1 parseMode, ReplyParameters replyParameters, ReplyMarkup replyMarkup, CancellationToken cancellationToken) in /home/kpblc/projects/ClubDoorman/ClubDoorman/Services/TelegramBotClientWrapper.cs:line 123
   at ClubDoorman.Services.MessageService.SendUserNotificationWithReplyAsync(User user, Chat chat, UserNotificationType type, Object data, CancellationToken cancellationToken) in /home/kpblc/projects/ClubDoorman/ClubDoorman/Services/MessageService.cs:line 148
   at ClubDoorman.Handlers.MessageHandler.DeleteAndReportMessage(Message message, String reason, CancellationToken cancellationToken) in /home/kpblc/projects/ClubDoorman/ClubDoorman/Handlers/MessageHandler.cs:line 956
2025-07-21 20:26:39.686 +03:00 [ERR] Ошибка при отправке админского уведомления типа "AutoBan"
Telegram Bot API error 400: Bad Request: chat not found
   at Telegram.Bot.TelegramBotClient.SendRequest[TResponse](IRequest`1 request, CancellationToken cancellationToken)
   at Telegram.Bot.TelegramBotClientExtensions.SendMessage(ITelegramBotClient botClient, ChatId chatId, String text, ParseMode parseMode, ReplyParameters replyParameters, ReplyMarkup replyMarkup, LinkPreviewOptions linkPreviewOptions, Nullable`1 messageThreadId, IEnumerable`1 entities, Boolean disableNotification, Boolean protectContent, String messageEffectId, String businessConnectionId, Boolean allowPaidBroadcast, CancellationToken cancellationToken)
   at ClubDoorman.Services.TelegramBotClientWrapper.SendMessage(ChatId chatId, String text, Nullable`1 parseMode, ReplyParameters replyParameters, ReplyMarkup replyMarkup, CancellationToken cancellationToken) in /home/kpblc/projects/ClubDoorman/ClubDoorman/Services/TelegramBotClientWrapper.cs:line 123
   at ClubDoorman.Services.MessageService.SendAdminNotificationAsync(AdminNotificationType type, NotificationData data, CancellationToken cancellationToken) in /home/kpblc/projects/ClubDoorman/ClubDoorman/Services/MessageService.cs:line 45
2025-07-21 20:26:39.874 +03:00 [ERR] Ошибка при отправке пользовательского уведомления типа "ModerationWarning" пользователю Wodes
Telegram Bot API error 400: Bad Request: can't parse entities: Character '{' is reserved and must be escaped with the preceding '\'
   at Telegram.Bot.TelegramBotClient.SendRequest[TResponse](IRequest`1 request, CancellationToken cancellationToken)
   at Telegram.Bot.TelegramBotClientExtensions.SendMessage(ITelegramBotClient botClient, ChatId chatId, String text, ParseMode parseMode, ReplyParameters replyParameters, ReplyMarkup replyMarkup, LinkPreviewOptions linkPreviewOptions, Nullable`1 messageThreadId, IEnumerable`1 entities, Boolean disableNotification, Boolean protectContent, String messageEffectId, String businessConnectionId, Boolean allowPaidBroadcast, CancellationToken cancellationToken)
   at ClubDoorman.Services.TelegramBotClientWrapper.SendMessage(ChatId chatId, String text, Nullable`1 parseMode, ReplyParameters replyParameters, ReplyMarkup replyMarkup, CancellationToken cancellationToken) in /home/kpblc/projects/ClubDoorman/ClubDoorman/Services/TelegramBotClientWrapper.cs:line 123
   at ClubDoorman.Services.MessageService.SendUserNotificationWithReplyAsync(User user, Chat chat, UserNotificationType type, Object data, CancellationToken cancellationToken) in /home/kpblc/projects/ClubDoorman/ClubDoorman/Services/MessageService.cs:line 148
2025-07-21 20:26:52.976 +03:00 [ERR] Ошибка при отправке админского уведомления типа "AutoBan"
Telegram Bot API error 400: Bad Request: chat not found
   at Telegram.Bot.TelegramBotClient.SendRequest[TResponse](IRequest`1 request, CancellationToken cancellationToken)
   at Telegram.Bot.TelegramBotClientExtensions.SendMessage(ITelegramBotClient botClient, ChatId chatId, String text, ParseMode parseMode, ReplyParameters replyParameters, ReplyMarkup replyMarkup, LinkPreviewOptions linkPreviewOptions, Nullable`1 messageThreadId, IEnumerable`1 entities, Boolean disableNotification, Boolean protectContent, String messageEffectId, String businessConnectionId, Boolean allowPaidBroadcast, CancellationToken cancellationToken)
   at ClubDoorman.Services.TelegramBotClientWrapper.SendMessage(ChatId chatId, String text, Nullable`1 parseMode, ReplyParameters replyParameters, ReplyMarkup replyMarkup, CancellationToken cancellationToken) in /home/kpblc/projects/ClubDoorman/ClubDoorman/Services/TelegramBotClientWrapper.cs:line 123
   at ClubDoorman.Services.MessageService.SendAdminNotificationAsync(AdminNotificationType type, NotificationData data, CancellationToken cancellationToken) in /home/kpblc/projects/ClubDoorman/ClubDoorman/Services/MessageService.cs:line 45
2025-07-21 20:26:53.137 +03:00 [ERR] Ошибка при отправке пользовательского уведомления типа "ModerationWarning" пользователю Wodes
Telegram Bot API error 400: Bad Request: can't parse entities: Character '{' is reserved and must be escaped with the preceding '\'
   at Telegram.Bot.TelegramBotClient.SendRequest[TResponse](IRequest`1 request, CancellationToken cancellationToken)
   at Telegram.Bot.TelegramBotClientExtensions.SendMessage(ITelegramBotClient botClient, ChatId chatId, String text, ParseMode parseMode, ReplyParameters replyParameters, ReplyMarkup replyMarkup, LinkPreviewOptions linkPreviewOptions, Nullable`1 messageThreadId, IEnumerable`1 entities, Boolean disableNotification, Boolean protectContent, String messageEffectId, String businessConnectionId, Boolean allowPaidBroadcast, CancellationToken cancellationToken)
   at ClubDoorman.Services.TelegramBotClientWrapper.SendMessage(ChatId chatId, String text, Nullable`1 parseMode, ReplyParameters replyParameters, ReplyMarkup replyMarkup, CancellationToken cancellationToken) in /home/kpblc/projects/ClubDoorman/ClubDoorman/Services/TelegramBotClientWrapper.cs:line 123
   at ClubDoorman.Services.MessageService.SendUserNotificationWithReplyAsync(User user, Chat chat, UserNotificationType type, Object data, CancellationToken cancellationToken) in /home/kpblc/projects/ClubDoorman/ClubDoorman/Services/MessageService.cs:line 148
2025-07-21 20:29:58.472 +03:00 [ERR] Ошибка при отправке админского уведомления типа "AutoBan"
Telegram Bot API error 400: Bad Request: chat not found
   at Telegram.Bot.TelegramBotClient.SendRequest[TResponse](IRequest`1 request, CancellationToken cancellationToken)
   at Telegram.Bot.TelegramBotClientExtensions.SendMessage(ITelegramBotClient botClient, ChatId chatId, String text, ParseMode parseMode, ReplyParameters replyParameters, ReplyMarkup replyMarkup, LinkPreviewOptions linkPreviewOptions, Nullable`1 messageThreadId, IEnumerable`1 entities, Boolean disableNotification, Boolean protectContent, String messageEffectId, String businessConnectionId, Boolean allowPaidBroadcast, CancellationToken cancellationToken)
   at ClubDoorman.Services.TelegramBotClientWrapper.SendMessage(ChatId chatId, String text, Nullable`1 parseMode, ReplyParameters replyParameters, ReplyMarkup replyMarkup, CancellationToken cancellationToken) in /home/kpblc/projects/ClubDoorman/ClubDoorman/Services/TelegramBotClientWrapper.cs:line 123
   at ClubDoorman.Services.MessageService.SendAdminNotificationAsync(AdminNotificationType type, NotificationData data, CancellationToken cancellationToken) in /home/kpblc/projects/ClubDoorman/ClubDoorman/Services/MessageService.cs:line 53
2025-07-21 20:35:14.406 +03:00 [ERR] Ошибка при отправке админского уведомления типа "AutoBan"
Telegram Bot API error 400: Bad Request: chat not found
   at Telegram.Bot.TelegramBotClient.SendRequest[TResponse](IRequest`1 request, CancellationToken cancellationToken)
   at Telegram.Bot.TelegramBotClientExtensions.SendMessage(ITelegramBotClient botClient, ChatId chatId, String text, ParseMode parseMode, ReplyParameters replyParameters, ReplyMarkup replyMarkup, LinkPreviewOptions linkPreviewOptions, Nullable`1 messageThreadId, IEnumerable`1 entities, Boolean disableNotification, Boolean protectContent, String messageEffectId, String businessConnectionId, Boolean allowPaidBroadcast, CancellationToken cancellationToken)
   at ClubDoorman.Services.TelegramBotClientWrapper.SendMessage(ChatId chatId, String text, Nullable`1 parseMode, ReplyParameters replyParameters, ReplyMarkup replyMarkup, CancellationToken cancellationToken) in /home/kpblc/projects/ClubDoorman/ClubDoorman/Services/TelegramBotClientWrapper.cs:line 123
   at ClubDoorman.Services.MessageService.SendAdminNotificationAsync(AdminNotificationType type, NotificationData data, CancellationToken cancellationToken) in /home/kpblc/projects/ClubDoorman/ClubDoorman/Services/MessageService.cs:line 53
2025-07-21 20:39:53.550 +03:00 [ERR] Не удается получить информацию об админском чате -2584726598
Telegram Bot API error 400: Bad Request: chat not found
   at Telegram.Bot.TelegramBotClient.SendRequest[TResponse](IRequest`1 request, CancellationToken cancellationToken)
   at Telegram.Bot.TelegramBotClientExtensions.GetChat(ITelegramBotClient botClient, ChatId chatId, CancellationToken cancellationToken)
   at ClubDoorman.Services.TelegramBotClientWrapper.GetChat(ChatId chatId, CancellationToken cancellationToken) in /home/kpblc/projects/ClubDoorman/ClubDoorman/Services/TelegramBotClientWrapper.cs:line 137
   at ClubDoorman.Services.MessageService.SendAdminNotificationAsync(AdminNotificationType type, NotificationData data, CancellationToken cancellationToken) in /home/kpblc/projects/ClubDoorman/ClubDoorman/Services/MessageService.cs:line 53
2025-07-21 20:40:23.185 +03:00 [ERR] Не удается получить информацию об админском чате -2584726598
Telegram Bot API error 400: Bad Request: chat not found
   at Telegram.Bot.TelegramBotClient.SendRequest[TResponse](IRequest`1 request, CancellationToken cancellationToken)
   at Telegram.Bot.TelegramBotClientExtensions.GetChat(ITelegramBotClient botClient, ChatId chatId, CancellationToken cancellationToken)
   at ClubDoorman.Services.TelegramBotClientWrapper.GetChat(ChatId chatId, CancellationToken cancellationToken) in /home/kpblc/projects/ClubDoorman/ClubDoorman/Services/TelegramBotClientWrapper.cs:line 137
   at ClubDoorman.Services.MessageService.SendAdminNotificationAsync(AdminNotificationType type, NotificationData data, CancellationToken cancellationToken) in /home/kpblc/projects/ClubDoorman/ClubDoorman/Services/MessageService.cs:line 53
2025-07-21 20:42:49.709 +03:00 [ERR] Не удается получить информацию об админском чате -2584726598
Telegram Bot API error 400: Bad Request: chat not found
   at Telegram.Bot.TelegramBotClient.SendRequest[TResponse](IRequest`1 request, CancellationToken cancellationToken)
   at Telegram.Bot.TelegramBotClientExtensions.GetChat(ITelegramBotClient botClient, ChatId chatId, CancellationToken cancellationToken)
   at ClubDoorman.Services.TelegramBotClientWrapper.GetChat(ChatId chatId, CancellationToken cancellationToken) in /home/kpblc/projects/ClubDoorman/ClubDoorman/Services/TelegramBotClientWrapper.cs:line 137
   at ClubDoorman.Services.MessageService.SendAdminNotificationAsync(AdminNotificationType type, NotificationData data, CancellationToken cancellationToken) in /home/kpblc/projects/ClubDoorman/ClubDoorman/Services/MessageService.cs:line 53
2025-07-21 20:43:44.065 +03:00 [ERR] Не удается получить информацию об админском чате -2584726598
Telegram Bot API error 400: Bad Request: chat not found
   at Telegram.Bot.TelegramBotClient.SendRequest[TResponse](IRequest`1 request, CancellationToken cancellationToken)
   at Telegram.Bot.TelegramBotClientExtensions.GetChat(ITelegramBotClient botClient, ChatId chatId, CancellationToken cancellationToken)
   at ClubDoorman.Services.TelegramBotClientWrapper.GetChat(ChatId chatId, CancellationToken cancellationToken) in /home/kpblc/projects/ClubDoorman/ClubDoorman/Services/TelegramBotClientWrapper.cs:line 137
   at ClubDoorman.Services.MessageService.SendAdminNotificationAsync(AdminNotificationType type, NotificationData data, CancellationToken cancellationToken) in /home/kpblc/projects/ClubDoorman/ClubDoorman/Services/MessageService.cs:line 53
2025-07-21 20:44:33.965 +03:00 [ERR] Не удается получить информацию об админском чате -2584726598
Telegram Bot API error 400: Bad Request: chat not found
   at Telegram.Bot.TelegramBotClient.SendRequest[TResponse](IRequest`1 request, CancellationToken cancellationToken)
   at Telegram.Bot.TelegramBotClientExtensions.GetChat(ITelegramBotClient botClient, ChatId chatId, CancellationToken cancellationToken)
   at ClubDoorman.Services.TelegramBotClientWrapper.GetChat(ChatId chatId, CancellationToken cancellationToken) in /home/kpblc/projects/ClubDoorman/ClubDoorman/Services/TelegramBotClientWrapper.cs:line 137
   at ClubDoorman.Services.MessageService.SendAdminNotificationAsync(AdminNotificationType type, NotificationData data, CancellationToken cancellationToken) in /home/kpblc/projects/ClubDoorman/ClubDoorman/Services/MessageService.cs:line 53
2025-07-21 20:45:13.116 +03:00 [ERR] Не удается получить информацию об админском чате -2584726598
Telegram Bot API error 400: Bad Request: chat not found
   at Telegram.Bot.TelegramBotClient.SendRequest[TResponse](IRequest`1 request, CancellationToken cancellationToken)
   at Telegram.Bot.TelegramBotClientExtensions.GetChat(ITelegramBotClient botClient, ChatId chatId, CancellationToken cancellationToken)
   at ClubDoorman.Services.TelegramBotClientWrapper.GetChat(ChatId chatId, CancellationToken cancellationToken) in /home/kpblc/projects/ClubDoorman/ClubDoorman/Services/TelegramBotClientWrapper.cs:line 137
   at ClubDoorman.Services.MessageService.SendAdminNotificationAsync(AdminNotificationType type, NotificationData data, CancellationToken cancellationToken) in /home/kpblc/projects/ClubDoorman/ClubDoorman/Services/MessageService.cs:line 53
2025-07-21 20:47:24.222 +03:00 [ERR] Не удается получить информацию об админском чате -2584726598
Telegram Bot API error 400: Bad Request: chat not found
   at Telegram.Bot.TelegramBotClient.SendRequest[TResponse](IRequest`1 request, CancellationToken cancellationToken)
   at Telegram.Bot.TelegramBotClientExtensions.GetChat(ITelegramBotClient botClient, ChatId chatId, CancellationToken cancellationToken)
   at ClubDoorman.Services.TelegramBotClientWrapper.GetChat(ChatId chatId, CancellationToken cancellationToken) in /home/kpblc/projects/ClubDoorman/ClubDoorman/Services/TelegramBotClientWrapper.cs:line 137
   at ClubDoorman.Services.MessageService.SendAdminNotificationAsync(AdminNotificationType type, NotificationData data, CancellationToken cancellationToken) in /home/kpblc/projects/ClubDoorman/ClubDoorman/Services/MessageService.cs:line 53
2025-07-21 20:58:32.610 +03:00 [ERR] Ошибка при отправке подозрительного сообщения с кнопками
Telegram Bot API error 400: Bad Request: can't parse entities: Character '-' is reserved and must be escaped with the preceding '\'
   at Telegram.Bot.TelegramBotClient.SendRequest[TResponse](IRequest`1 request, CancellationToken cancellationToken)
   at Telegram.Bot.TelegramBotClientExtensions.SendMessage(ITelegramBotClient botClient, ChatId chatId, String text, ParseMode parseMode, ReplyParameters replyParameters, ReplyMarkup replyMarkup, LinkPreviewOptions linkPreviewOptions, Nullable`1 messageThreadId, IEnumerable`1 entities, Boolean disableNotification, Boolean protectContent, String messageEffectId, String businessConnectionId, Boolean allowPaidBroadcast, CancellationToken cancellationToken)
   at ClubDoorman.Services.TelegramBotClientWrapper.SendMessage(ChatId chatId, String text, Nullable`1 parseMode, ReplyParameters replyParameters, ReplyMarkup replyMarkup, CancellationToken cancellationToken) in /home/kpblc/projects/ClubDoorman/ClubDoorman/Services/TelegramBotClientWrapper.cs:line 123
   at ClubDoorman.Handlers.MessageHandler.SendSuspiciousMessageWithButtons(Message message, User user, SuspiciousMessageNotificationData data, CancellationToken cancellationToken) in /home/kpblc/projects/ClubDoorman/ClubDoorman/Handlers/MessageHandler.cs:line 1040
